
> lc-platform@0.1.0 dev
> next dev

   тЦ▓ Next.js 14.1.0
   - Local:        http://localhost:3000
   - Environments: .env.local

 тЬУ Ready in 999ms
 тЧЛ Compiling /lc-dashboard ...
 тип ./src/app/layout.tsx:9:0
Module not found: Can't resolve './components/Navigation'
[0m [90m  7 |[39m [36mimport[39m { [33mModalProvider[39m } [36mfrom[39m [32m"@/lib/providers/modal-provider"[39m[33m;[39m[0m
[0m [90m  8 |[39m [36mimport[39m [33mQueryProvider[39m [36mfrom[39m [32m"@/lib/providers/query-provider"[39m[33m;[39m[0m
[0m[31m[1m>[22m[39m[90m  9 |[39m [36mimport[39m [33mNavigation[39m [36mfrom[39m [32m"./components/Navigation"[39m[33m;[39m[0m
[0m [90m 10 |[39m [36mimport[39m [33mFooter[39m [36mfrom[39m [32m"./components/Footer"[39m[33m;[39m[0m
[0m [90m 11 |[39m [36mimport[39m [33mAppEnhancer[39m [36mfrom[39m [32m"./components/AppEnhancer"[39m[33m;[39m[0m
[0m [90m 12 |[39m [36mimport[39m [33mGlobalStyles[39m [36mfrom[39m [32m"./components/GlobalStyles"[39m[33m;[39m[0m

https://nextjs.org/docs/messages/module-not-found
 тип ./src/app/layout.tsx:9:0
Module not found: Can't resolve './components/Navigation'
[0m [90m  7 |[39m [36mimport[39m { [33mModalProvider[39m } [36mfrom[39m [32m"@/lib/providers/modal-provider"[39m[33m;[39m[0m
[0m [90m  8 |[39m [36mimport[39m [33mQueryProvider[39m [36mfrom[39m [32m"@/lib/providers/query-provider"[39m[33m;[39m[0m
[0m[31m[1m>[22m[39m[90m  9 |[39m [36mimport[39m [33mNavigation[39m [36mfrom[39m [32m"./components/Navigation"[39m[33m;[39m[0m
[0m [90m 10 |[39m [36mimport[39m [33mFooter[39m [36mfrom[39m [32m"./components/Footer"[39m[33m;[39m[0m
[0m [90m 11 |[39m [36mimport[39m [33mAppEnhancer[39m [36mfrom[39m [32m"./components/AppEnhancer"[39m[33m;[39m[0m
[0m [90m 12 |[39m [36mimport[39m [33mGlobalStyles[39m [36mfrom[39m [32m"./components/GlobalStyles"[39m[33m;[39m[0m

https://nextjs.org/docs/messages/module-not-found
<w> [webpack.cache.PackFileCacheStrategy] Restoring pack failed from /Users/adam/Desktop/Learning Crypto/Development/LC-Platform/.next/cache/webpack/client-development-fallback.pack.gz: Error: incorrect header check
 тип ./src/app/layout.tsx:9:0
Module not found: Can't resolve './components/Navigation'
[0m [90m  7 |[39m [36mimport[39m { [33mModalProvider[39m } [36mfrom[39m [32m"@/lib/providers/modal-provider"[39m[33m;[39m[0m
[0m [90m  8 |[39m [36mimport[39m [33mQueryProvider[39m [36mfrom[39m [32m"@/lib/providers/query-provider"[39m[33m;[39m[0m
[0m[31m[1m>[22m[39m[90m  9 |[39m [36mimport[39m [33mNavigation[39m [36mfrom[39m [32m"./components/Navigation"[39m[33m;[39m[0m
[0m [90m 10 |[39m [36mimport[39m [33mFooter[39m [36mfrom[39m [32m"./components/Footer"[39m[33m;[39m[0m
[0m [90m 11 |[39m [36mimport[39m [33mAppEnhancer[39m [36mfrom[39m [32m"./components/AppEnhancer"[39m[33m;[39m[0m
[0m [90m 12 |[39m [36mimport[39m [33mGlobalStyles[39m [36mfrom[39m [32m"./components/GlobalStyles"[39m[33m;[39m[0m

https://nextjs.org/docs/messages/module-not-found
 тип ./src/app/layout.tsx:9:0
Module not found: Can't resolve './components/Navigation'
[0m [90m  7 |[39m [36mimport[39m { [33mModalProvider[39m } [36mfrom[39m [32m"@/lib/providers/modal-provider"[39m[33m;[39m[0m
[0m [90m  8 |[39m [36mimport[39m [33mQueryProvider[39m [36mfrom[39m [32m"@/lib/providers/query-provider"[39m[33m;[39m[0m
[0m[31m[1m>[22m[39m[90m  9 |[39m [36mimport[39m [33mNavigation[39m [36mfrom[39m [32m"./components/Navigation"[39m[33m;[39m[0m
[0m [90m 10 |[39m [36mimport[39m [33mFooter[39m [36mfrom[39m [32m"./components/Footer"[39m[33m;[39m[0m
[0m [90m 11 |[39m [36mimport[39m [33mAppEnhancer[39m [36mfrom[39m [32m"./components/AppEnhancer"[39m[33m;[39m[0m
[0m [90m 12 |[39m [36mimport[39m [33mGlobalStyles[39m [36mfrom[39m [32m"./components/GlobalStyles"[39m[33m;[39m[0m

https://nextjs.org/docs/messages/module-not-found
 тЪа Fast Refresh had to perform a full reload due to a runtime error.
 тип ./src/components/layouts/Footer.tsx:4:0
Module not found: Can't resolve './ui/Container'
[0m [90m 2 |[39m[0m
[0m [90m 3 |[39m [36mimport[39m [33mLink[39m [36mfrom[39m [32m'next/link'[39m[33m;[39m[0m
[0m[31m[1m>[22m[39m[90m 4 |[39m [36mimport[39m [33mContainer[39m [36mfrom[39m [32m'./ui/Container'[39m[33m;[39m[0m
[0m [90m 5 |[39m[0m
[0m [90m 6 |[39m [36mexport[39m [36mdefault[39m [36mfunction[39m [33mFooter[39m() {[0m
[0m [90m 7 |[39m   [36mconst[39m currentYear [33m=[39m [36mnew[39m [33mDate[39m()[33m.[39mgetFullYear()[33m;[39m[0m

https://nextjs.org/docs/messages/module-not-found
 тип ./src/components/ui/Navigation.tsx:3:0
Module not found: Can't resolve './navigation/NavigationContainer'
[0m [90m 1 |[39m [32m'use client'[39m[33m;[39m[0m
[0m [90m 2 |[39m[0m
[0m[31m[1m>[22m[39m[90m 3 |[39m [36mimport[39m [33mNavigationContainer[39m [36mfrom[39m [32m'./navigation/NavigationContainer'[39m[33m;[39m[0m
[0m [90m 4 |[39m[0m
[0m [90m 5 |[39m [90m/**[39m[0m
[0m [90m 6 |[39m [90m * Navigation - Main navigation component[39m[0m

https://nextjs.org/docs/messages/module-not-found
 тип ./src/components/ui/Navigation.tsx:3:0
Module not found: Can't resolve './navigation/NavigationContainer'
[0m [90m 1 |[39m [32m'use client'[39m[33m;[39m[0m
[0m [90m 2 |[39m[0m
[0m[31m[1m>[22m[39m[90m 3 |[39m [36mimport[39m [33mNavigationContainer[39m [36mfrom[39m [32m'./navigation/NavigationContainer'[39m[33m;[39m[0m
[0m [90m 4 |[39m[0m
[0m [90m 5 |[39m [90m/**[39m[0m
[0m [90m 6 |[39m [90m * Navigation - Main navigation component[39m[0m

https://nextjs.org/docs/messages/module-not-found
 тип ./src/components/ui/Navigation.tsx:3:0
Module not found: Can't resolve './navigation/NavigationContainer'
[0m [90m 1 |[39m [32m'use client'[39m[33m;[39m[0m
[0m [90m 2 |[39m[0m
[0m[31m[1m>[22m[39m[90m 3 |[39m [36mimport[39m [33mNavigationContainer[39m [36mfrom[39m [32m'./navigation/NavigationContainer'[39m[33m;[39m[0m
[0m [90m 4 |[39m[0m
[0m [90m 5 |[39m [90m/**[39m[0m
[0m [90m 6 |[39m [90m * Navigation - Main navigation component[39m[0m

https://nextjs.org/docs/messages/module-not-found
 тип ./src/components/features/modals/AccountModal.tsx:5:0
Module not found: Can't resolve '../ui/Button'
[0m [90m 3 |[39m [36mimport[39m { useState[33m,[39m useEffect[33m,[39m useRef } [36mfrom[39m [32m'react'[39m[33m;[39m[0m
[0m [90m 4 |[39m [36mimport[39m { [33mUser[39m } [36mfrom[39m [32m'@supabase/supabase-js'[39m[33m;[39m[0m
[0m[31m[1m>[22m[39m[90m 5 |[39m [36mimport[39m [33mButton[39m [36mfrom[39m [32m'../ui/Button'[39m[33m;[39m[0m
[0m [90m 6 |[39m [36mimport[39m useSubscription [36mfrom[39m [32m'@/hooks/auth/useSubscription'[39m[33m;[39m[0m
[0m [90m 7 |[39m [36mimport[39m { [33mDialog[39m } [36mfrom[39m [32m'@headlessui/react'[39m[33m;[39m[0m
[0m [90m 8 |[39m [36mimport[39m { [33mAnimatePresence[39m[33m,[39m motion } [36mfrom[39m [32m'framer-motion'[39m[33m;[39m[0m

https://nextjs.org/docs/messages/module-not-found

Import trace for requested module:
./src/components/features/navigation/AccountButton.tsx
./src/components/features/navigation/AuthButtons.tsx
./src/components/features/navigation/NavigationContainer.tsx
./src/components/ui/Navigation.tsx
